e:\projects\cfdl\src\cfdl\generatedfiles\ui_changelanguage.h
e:\projects\cfdl\src\cfdl\generatedfiles\ui_changelanguage2.h
e:\projects\cfdl\src\cfdl\generatedfiles\ui_fdldialog.h
e:\projects\cfdl\src\cfdl\generatedfiles\ui_urllinkdialog.h
e:\projects\cfdl\src\cfdl\generatedfiles\qrc_cfdl.cpp
e:\projects\cfdl\src\cfdl\generatedfiles\debug\moc_fdlapp.cpp
e:\projects\cfdl\temp\compile\vc141.pdb
e:\projects\cfdl\temp\compile\fdlapp.obj
e:\projects\cfdl\temp\compile\moc_fdlapp.obj
e:\projects\cfdl\temp\compile\main.obj
e:\projects\cfdl\temp\compile\qrc_cfdl.obj
e:\projects\cfdl\temp\link\cfdl.exe
e:\projects\cfdl\temp\link\cfdl.ilk
e:\projects\cfdl\temp\link\cfdl.pdb
e:\projects\cfdl\src\cfdl\.\generatedfiles\debug\moc_fdlapp.cpp
e:\projects\cfdl\src\cfdl\.\generatedfiles\qrc_cfdl.cpp
e:\projects\cfdl\src\cfdl\.\generatedfiles\ui_changelanguage.h
e:\projects\cfdl\src\cfdl\.\generatedfiles\ui_changelanguage2.h
e:\projects\cfdl\src\cfdl\.\generatedfiles\ui_fdldialog.h
e:\projects\cfdl\src\cfdl\.\generatedfiles\ui_urllinkdialog.h
e:\projects\cfdl\src\..\temp\link\cfdl.pdb
e:\projects\cfdl\src\..\temp\link\cfdl.exe
e:\projects\cfdl\src\..\temp\link\cfdl.ilk
e:\projects\cfdl\temp\compile\cfdl.tlog\cfdl.write.1u.tlog
e:\projects\cfdl\temp\compile\cfdl.tlog\cl.command.1.tlog
e:\projects\cfdl\temp\compile\cfdl.tlog\cl.read.1.tlog
e:\projects\cfdl\temp\compile\cfdl.tlog\cl.write.1.tlog
e:\projects\cfdl\temp\compile\cfdl.tlog\link.command.1.tlog
e:\projects\cfdl\temp\compile\cfdl.tlog\link.read.1.tlog
e:\projects\cfdl\temp\compile\cfdl.tlog\link.write.1.tlog
e:\projects\cfdl\temp\compile\cfdl.tlog\moc.read.1u.tlog
e:\projects\cfdl\temp\compile\cfdl.tlog\moc.write.1u.tlog
e:\projects\cfdl\temp\compile\cfdl.tlog\rcc.read.1u.tlog
e:\projects\cfdl\temp\compile\cfdl.tlog\rcc.write.1u.tlog
e:\projects\cfdl\temp\compile\cfdl.tlog\uic.read.1u.tlog
e:\projects\cfdl\temp\compile\cfdl.tlog\uic.write.1u.tlog
